2023-01-17T17:24:20.830Z ERROR erroring log message

2023-01-17T17:24:20.836Z WARN warning log message

2023-01-17T17:24:20.838Z INFO information log message

2023-01-17T17:24:20.839Z HTTP HypterText Transfer Protocol log message

2023-01-17T17:24:20.841Z VERBOSE verbose log message

2023-01-17T17:24:20.841Z DEBUG debuglog message

2023-01-17T17:24:22.505Z ERROR erroring log message

2023-01-17T17:24:22.508Z WARN warning log message

2023-01-17T17:24:22.509Z INFO information log message

2023-01-17T17:24:22.510Z HTTP HypterText Transfer Protocol log message

2023-01-17T17:24:22.510Z VERBOSE verbose log message

2023-01-17T17:24:22.510Z DEBUG debuglog message

2023-01-17T17:24:23.877Z ERROR erroring log message

2023-01-17T17:24:23.880Z WARN warning log message

2023-01-17T17:24:23.881Z INFO information log message

2023-01-17T17:24:23.881Z HTTP HypterText Transfer Protocol log message

2023-01-17T17:24:23.881Z VERBOSE verbose log message

2023-01-17T17:24:23.882Z DEBUG debuglog message

2023-01-17T17:24:29.466Z ERROR erroring log message

2023-01-17T17:24:29.469Z WARN warning log message

2023-01-17T17:24:29.470Z INFO information log message

2023-01-17T17:24:29.470Z HTTP HypterText Transfer Protocol log message

2023-01-17T17:24:29.471Z VERBOSE verbose log message

2023-01-17T17:24:29.471Z DEBUG debuglog message

2023-01-17T17:25:02.182Z ERROR erroring log message

2023-01-17T17:25:02.184Z WARN warning log message

2023-01-17T17:25:02.185Z INFO information log message

2023-01-17T17:25:02.186Z HTTP HypterText Transfer Protocol log message

2023-01-17T17:25:02.186Z VERBOSE verbose log message

2023-01-17T17:25:02.186Z DEBUG debuglog message

2023-01-17T17:25:02.186Z SILLY silly message

2023-01-17T17:25:04.013Z ERROR erroring log message

2023-01-17T17:25:04.016Z WARN warning log message

2023-01-17T17:25:04.017Z INFO information log message

2023-01-17T17:25:04.017Z HTTP HypterText Transfer Protocol log message

2023-01-17T17:25:04.018Z VERBOSE verbose log message

2023-01-17T17:25:04.018Z DEBUG debuglog message

2023-01-17T17:25:04.018Z SILLY silly message

2023-01-17T17:25:09.502Z ERROR erroring log message

2023-01-17T17:25:09.504Z WARN warning log message

2023-01-17T17:25:09.505Z INFO information log message

2023-01-17T17:25:09.505Z HTTP HypterText Transfer Protocol log message

2023-01-17T17:25:09.506Z VERBOSE verbose log message

2023-01-17T17:25:09.506Z DEBUG debuglog message

2023-01-17T17:25:09.506Z SILLY silly message

2023-01-17T17:25:19.172Z ERROR erroring log message

2023-01-17T17:25:19.174Z WARN warning log message

2023-01-17T17:25:19.175Z INFO information log message

2023-01-17T17:25:19.175Z HTTP HypterText Transfer Protocol log message

2023-01-17T17:25:19.175Z VERBOSE verbose log message

2023-01-17T17:25:19.176Z DEBUG debuglog message

2023-01-17T17:25:19.176Z SILLY silly message

2023-01-17T17:25:27.123Z ERROR erroring log message

2023-01-17T17:25:27.125Z WARN warning log message

2023-01-17T17:25:27.126Z INFO information log message

2023-01-17T17:25:27.127Z HTTP HypterText Transfer Protocol log message

2023-01-17T17:25:27.127Z VERBOSE verbose log message

2023-01-17T17:25:27.127Z DEBUG debuglog message

2023-01-17T17:25:27.127Z SILLY silly message

2023-01-17T17:26:00.066Z ERROR erroring log message

2023-01-17T17:26:00.068Z WARN warning log message

2023-01-17T17:26:00.069Z INFO information log message

2023-01-17T17:26:00.069Z HTTP HypterText Transfer Protocol log message

2023-01-17T17:26:00.070Z VERBOSE verbose log message

2023-01-17T17:26:00.070Z DEBUG debuglog message

2023-01-17T17:26:00.070Z SILLY silly message

2023-01-17T17:26:20.959Z ERROR erroring log message

2023-01-17T17:26:20.962Z WARN warning log message

2023-01-17T17:26:20.963Z INFO information log message

2023-01-17T17:26:20.964Z HTTP HypterText Transfer Protocol log message

2023-01-17T17:26:20.964Z VERBOSE verbose log message

2023-01-17T17:26:20.964Z DEBUG debuglog message

2023-01-17T17:26:20.964Z SILLY silly message

2023-01-17T17:27:11.091Z ERROR erroring log message

2023-01-17T17:27:11.093Z WARN warning log message

2023-01-17T17:27:11.094Z INFO information log message

2023-01-17T17:27:11.094Z HTTP HypterText Transfer Protocol log message

2023-01-17T17:27:11.095Z VERBOSE verbose log message

2023-01-17T17:27:11.095Z DEBUG debuglog message

2023-01-17T17:27:11.095Z SILLY silly message

2023-01-17T17:27:22.083Z ERROR erroring log message

2023-01-17T17:27:22.085Z WARN warning log message

2023-01-17T17:27:22.086Z INFO information log message

2023-01-17T17:27:22.087Z HTTP HypterText Transfer Protocol log message

2023-01-17T17:27:22.087Z VERBOSE verbose log message

2023-01-17T17:27:22.087Z DEBUG debuglog message

2023-01-17T17:27:22.087Z SILLY silly message

2023-01-17T17:27:39.440Z ERROR erroring log message

2023-01-17T17:27:39.442Z WARN warning log message

2023-01-17T17:27:39.443Z INFO information log message

2023-01-17T17:27:39.444Z HTTP HypterText Transfer Protocol log message

2023-01-17T17:27:39.444Z VERBOSE verbose log message

2023-01-17T17:27:39.444Z DEBUG debuglog message

2023-01-17T17:27:39.444Z SILLY silly message

2023-01-17T17:27:50.316Z ERROR erroring log message

2023-01-17T17:27:50.320Z WARN warning log message

2023-01-17T17:27:50.321Z INFO information log message

2023-01-17T17:27:50.322Z HTTP HypterText Transfer Protocol log message

2023-01-17T17:27:50.322Z VERBOSE verbose log message

2023-01-17T17:27:50.322Z DEBUG debuglog message

2023-01-17T17:27:50.322Z SILLY silly message

2023-01-17T17:27:55.243Z ERROR erroring log message

2023-01-17T17:27:55.246Z WARN warning log message

2023-01-17T17:27:55.246Z INFO information log message

2023-01-17T17:27:55.247Z HTTP HypterText Transfer Protocol log message

2023-01-17T17:27:55.247Z VERBOSE verbose log message

2023-01-17T17:27:55.247Z DEBUG debuglog message

2023-01-17T17:27:55.247Z SILLY silly message

2023-01-17T17:27:58.662Z ERROR erroring log message

2023-01-17T17:27:58.664Z WARN warning log message

2023-01-17T17:27:58.665Z INFO information log message

2023-01-17T17:27:58.665Z HTTP HypterText Transfer Protocol log message

2023-01-17T17:27:58.665Z VERBOSE verbose log message

2023-01-17T17:27:58.666Z DEBUG debuglog message

2023-01-17T17:27:58.666Z SILLY silly message

2023-01-17T17:28:26.795Z ERROR erroring log message

2023-01-17T17:28:26.797Z WARN warning log message

2023-01-17T17:28:26.798Z INFO information log message

2023-01-17T17:28:26.798Z HTTP HypterText Transfer Protocol log message

2023-01-17T17:28:26.799Z VERBOSE verbose log message

2023-01-17T17:28:26.799Z DEBUG debuglog message

2023-01-17T17:28:26.799Z SILLY silly message

2023-01-17T17:28:36.518Z ERROR erroring log message

2023-01-17T17:28:36.521Z WARN warning log message

2023-01-17T17:28:36.522Z INFO information log message

2023-01-17T17:28:36.523Z HTTP HypterText Transfer Protocol log message

2023-01-17T17:28:36.523Z VERBOSE verbose log message

2023-01-17T17:28:36.523Z DEBUG debuglog message

2023-01-17T17:28:36.523Z SILLY silly message

2023-01-17T17:29:13.811Z ERROR erroring log message

2023-01-17T17:29:13.814Z WARN warning log message

2023-01-17T17:29:13.815Z INFO information log message

2023-01-17T17:29:13.815Z HTTP HypterText Transfer Protocol log message

2023-01-17T17:29:13.815Z VERBOSE verbose log message

2023-01-17T17:29:13.816Z DEBUG debuglog message

2023-01-17T17:29:13.816Z SILLY silly message

2023-01-17T17:31:17.440Z ERROR erroring log message

2023-01-17T17:31:17.444Z WARN warning log message

2023-01-17T17:31:17.445Z INFO information log message

2023-01-17T17:31:17.446Z HTTP HypterText Transfer Protocol log message

2023-01-17T17:31:17.446Z VERBOSE verbose log message

2023-01-17T17:31:17.446Z DEBUG debuglog message

2023-01-17T17:31:17.446Z SILLY silly message

2023-01-17T17:31:24.674Z ERROR erroring log message

2023-01-17T17:31:24.677Z WARN warning log message

2023-01-17T17:31:24.678Z INFO information log message

2023-01-17T17:31:24.678Z HTTP HypterText Transfer Protocol log message

2023-01-17T17:31:24.678Z VERBOSE verbose log message

2023-01-17T17:31:24.678Z DEBUG debuglog message

2023-01-17T17:31:24.679Z SILLY silly message

2023-01-17T17:31:30.979Z ERROR erroring log message

2023-01-17T17:31:30.983Z WARN warning log message

2023-01-17T17:31:30.984Z INFO information log message

2023-01-17T17:31:30.984Z HTTP HypterText Transfer Protocol log message

2023-01-17T17:31:30.984Z VERBOSE verbose log message

2023-01-17T17:31:30.984Z DEBUG debuglog message

2023-01-17T17:31:30.985Z SILLY silly message

2023-01-17T17:31:59.690Z ERROR erroring log message

2023-01-17T17:31:59.692Z WARN warning log message

2023-01-17T17:31:59.693Z INFO information log message

2023-01-17T17:31:59.693Z HTTP HypterText Transfer Protocol log message

2023-01-17T17:31:59.693Z VERBOSE verbose log message

2023-01-17T17:31:59.693Z DEBUG debuglog message

2023-01-17T17:31:59.694Z SILLY silly message

2023-01-17T17:32:58.026Z ERROR erroring log message

2023-01-17T17:32:58.028Z WARN warning log message

2023-01-17T17:32:58.029Z INFO information log message

2023-01-17T17:32:58.029Z HTTP HypterText Transfer Protocol log message

2023-01-17T17:32:58.030Z VERBOSE verbose log message

2023-01-17T17:32:58.030Z DEBUG debuglog message

2023-01-17T17:32:58.030Z SILLY silly message

2023-01-17T17:33:04.592Z ERROR erroring log message

2023-01-17T17:33:04.594Z WARN warning log message

2023-01-17T17:33:04.595Z INFO information log message

2023-01-17T17:33:04.596Z HTTP HypterText Transfer Protocol log message

2023-01-17T17:33:04.596Z VERBOSE verbose log message

2023-01-17T17:33:04.596Z DEBUG debuglog message

2023-01-17T17:33:04.596Z SILLY silly message

2023-01-17T17:33:09.147Z ERROR erroring log message

2023-01-17T17:33:09.150Z WARN warning log message

2023-01-17T17:33:09.151Z INFO information log message

2023-01-17T17:33:09.151Z HTTP HypterText Transfer Protocol log message

2023-01-17T17:33:09.151Z VERBOSE verbose log message

2023-01-17T17:33:09.152Z DEBUG debuglog message

2023-01-17T17:33:09.152Z SILLY silly message

2023-01-17T17:33:22.227Z ERROR erroring log message

2023-01-17T17:33:22.230Z WARN warning log message

2023-01-17T17:33:22.230Z INFO information log message

2023-01-17T17:33:22.231Z HTTP HypterText Transfer Protocol log message

2023-01-17T17:33:22.231Z VERBOSE verbose log message

2023-01-17T17:33:22.231Z DEBUG debuglog message

2023-01-17T17:33:22.231Z SILLY silly message

2023-01-17T17:34:26.119Z ERROR erroring log message

2023-01-17T17:34:26.121Z WARN warning log message

2023-01-17T17:34:26.123Z INFO information log message

2023-01-17T17:34:26.123Z HTTP HypterText Transfer Protocol log message

2023-01-17T17:34:26.123Z VERBOSE verbose log message

2023-01-17T17:34:26.124Z DEBUG debuglog message

2023-01-17T17:34:26.124Z SILLY silly message

2023-01-17T17:35:18.136Z ERROR erroring log message

2023-01-17T17:35:18.138Z WARN warning log message

2023-01-17T17:35:18.139Z INFO information log message

2023-01-17T17:35:18.140Z HTTP HypterText Transfer Protocol log message

2023-01-17T17:35:18.140Z VERBOSE verbose log message

2023-01-17T17:35:18.140Z DEBUG debuglog message

2023-01-17T17:35:18.140Z SILLY silly message

2023-01-17T17:35:24.901Z ERROR erroring log message

2023-01-17T17:35:24.904Z WARN warning log message

2023-01-17T17:35:24.905Z INFO information log message

2023-01-17T17:35:24.905Z HTTP HypterText Transfer Protocol log message

2023-01-17T17:35:24.906Z VERBOSE verbose log message

2023-01-17T17:35:24.906Z DEBUG debuglog message

2023-01-17T17:35:24.906Z SILLY silly message

2023-01-17T17:35:38.651Z ERROR erroring log message

2023-01-17T17:35:38.653Z WARN warning log message

2023-01-17T17:35:38.653Z INFO information log message

2023-01-17T17:35:38.654Z HTTP HypterText Transfer Protocol log message

2023-01-17T17:35:38.654Z VERBOSE verbose log message

2023-01-17T17:35:38.654Z DEBUG debuglog message

2023-01-17T17:35:38.654Z SILLY silly message

2023-01-17T17:35:43.058Z ERROR erroring log message

2023-01-17T17:35:43.060Z WARN warning log message

2023-01-17T17:35:43.061Z INFO information log message

2023-01-17T17:35:43.061Z HTTP HypterText Transfer Protocol log message

2023-01-17T17:35:43.061Z VERBOSE verbose log message

2023-01-17T17:35:43.061Z DEBUG debuglog message

2023-01-17T17:35:43.061Z SILLY silly message

2023-01-17T17:35:46.810Z ERROR erroring log message

2023-01-17T17:35:46.813Z WARN warning log message

2023-01-17T17:35:46.814Z INFO information log message

2023-01-17T17:35:46.814Z HTTP HypterText Transfer Protocol log message

2023-01-17T17:35:46.814Z VERBOSE verbose log message

2023-01-17T17:35:46.815Z DEBUG debuglog message

2023-01-17T17:35:46.815Z SILLY silly message

2023-01-17T17:36:25.443Z ERROR erroring log message

2023-01-17T17:36:25.445Z WARN warning log message

2023-01-17T17:36:25.446Z INFO information log message

2023-01-17T17:36:25.446Z HTTP HypterText Transfer Protocol log message

2023-01-17T17:36:25.447Z VERBOSE verbose log message

2023-01-17T17:36:25.447Z DEBUG debuglog message

2023-01-17T17:36:25.447Z SILLY silly message

2023-01-17T17:37:05.380Z ERROR erroring log message

2023-01-17T17:37:05.383Z WARN warning log message

2023-01-17T17:37:05.384Z INFO information log message

2023-01-17T17:37:05.384Z HTTP HypterText Transfer Protocol log message

2023-01-17T17:37:33.630Z ERROR erroring log message

2023-01-17T17:37:33.634Z WARN warning log message

2023-01-17T17:37:33.635Z INFO information log message

2023-01-17T17:37:33.635Z HTTP HypterText Transfer Protocol log message

2023-01-17T17:37:33.635Z VERBOSE verbose log message

2023-01-17T17:37:33.636Z DEBUG debuglog message

2023-01-17T17:37:33.636Z SILLY silly message

2023-01-17T17:37:42.461Z ERROR erroring log message

2023-01-17T17:37:42.464Z WARN warning log message

2023-01-17T17:37:42.465Z INFO information log message

2023-01-17T17:37:42.466Z HTTP HypterText Transfer Protocol log message

2023-01-17T17:37:42.466Z VERBOSE verbose log message

2023-01-17T17:37:42.466Z DEBUG debuglog message

2023-01-17T17:37:42.467Z SILLY silly message

2023-01-17T17:37:51.896Z ERROR erroring log message

2023-01-17T17:37:51.898Z WARN warning log message

2023-01-17T17:37:51.899Z INFO information log message

2023-01-17T17:37:51.899Z HTTP HypterText Transfer Protocol log message

2023-01-17T17:37:51.899Z VERBOSE verbose log message

2023-01-17T17:37:51.899Z DEBUG debuglog message

2023-01-17T17:37:51.899Z SILLY silly message

2023-01-17T17:38:36.370Z ERROR erroring log message

2023-01-17T17:38:36.372Z WARN warning log message

2023-01-17T17:38:36.373Z INFO information log message

2023-01-17T17:38:36.373Z HTTP HypterText Transfer Protocol log message

2023-01-17T17:38:36.374Z VERBOSE verbose log message

2023-01-17T17:38:36.374Z DEBUG debuglog message

2023-01-17T17:38:36.374Z SILLY silly message

2023-01-17T17:38:47.642Z ERROR erroring log message

2023-01-17T17:38:47.645Z WARN warning log message

2023-01-17T17:38:47.646Z INFO information log message

2023-01-17T17:38:47.646Z HTTP HypterText Transfer Protocol log message

2023-01-17T17:38:47.646Z VERBOSE verbose log message

2023-01-17T17:38:47.646Z DEBUG debuglog message

2023-01-17T17:38:47.647Z SILLY silly message

2023-01-17T17:39:04.225Z ERROR erroring log message

2023-01-17T17:39:04.227Z WARN warning log message

2023-01-17T17:39:04.228Z INFO information log message

2023-01-17T17:39:04.228Z HTTP HypterText Transfer Protocol log message

2023-01-17T17:39:04.229Z VERBOSE verbose log message

2023-01-17T17:39:04.229Z DEBUG debuglog message

2023-01-17T17:39:04.229Z SILLY silly message

2023-01-17T17:39:15.607Z ERROR erroring log message

2023-01-17T17:39:15.610Z WARN warning log message

2023-01-17T17:39:15.610Z INFO information log message

2023-01-17T17:39:15.611Z HTTP HypterText Transfer Protocol log message

2023-01-17T17:39:15.611Z VERBOSE verbose log message

2023-01-17T17:39:15.611Z DEBUG debuglog message

2023-01-17T17:39:15.611Z SILLY silly message

2023-01-17T17:39:25.502Z ERROR erroring log message

2023-01-17T17:39:25.504Z WARN warning log message

2023-01-17T17:39:25.506Z INFO information log message

2023-01-17T17:39:25.506Z HTTP HypterText Transfer Protocol log message

2023-01-17T17:39:25.506Z VERBOSE verbose log message

2023-01-17T17:39:25.507Z DEBUG debuglog message

2023-01-17T17:39:25.507Z SILLY silly message

2023-01-17T17:39:32.182Z ERROR erroring log message

2023-01-17T17:39:32.186Z WARN warning log message

2023-01-17T17:39:32.187Z INFO information log message

2023-01-17T17:39:32.187Z HTTP HypterText Transfer Protocol log message

2023-01-17T17:39:32.188Z VERBOSE verbose log message

2023-01-17T17:39:32.188Z DEBUG debuglog message

2023-01-17T17:39:32.188Z SILLY silly message

2023-01-17T17:39:33.723Z ERROR erroring log message

2023-01-17T17:39:33.727Z WARN warning log message

2023-01-17T17:39:33.728Z INFO information log message

2023-01-17T17:39:33.729Z HTTP HypterText Transfer Protocol log message

2023-01-17T17:39:33.729Z VERBOSE verbose log message

2023-01-17T17:39:33.729Z DEBUG debuglog message

2023-01-17T17:39:33.729Z SILLY silly message

2023-01-17T17:39:35.576Z ERROR erroring log message

2023-01-17T17:39:35.579Z WARN warning log message

2023-01-17T17:39:35.580Z INFO information log message

2023-01-17T17:39:35.581Z HTTP HypterText Transfer Protocol log message

2023-01-17T17:39:35.581Z VERBOSE verbose log message

2023-01-17T17:39:35.581Z DEBUG debuglog message

2023-01-17T17:39:35.581Z SILLY silly message

2023-01-17T17:39:50.885Z ERROR erroring log message

2023-01-17T17:39:50.887Z WARN warning log message

2023-01-17T17:39:50.888Z INFO information log message

2023-01-17T17:39:50.889Z HTTP HypterText Transfer Protocol log message

2023-01-17T17:39:50.889Z VERBOSE verbose log message

2023-01-17T17:39:50.889Z DEBUG debuglog message

2023-01-17T17:39:50.889Z SILLY silly message

2023-01-17T17:40:22.704Z ERROR erroring log message

2023-01-17T17:40:22.707Z WARN warning log message

2023-01-17T17:40:22.708Z INFO information log message

2023-01-17T17:40:22.709Z HTTP HypterText Transfer Protocol log message

2023-01-17T17:40:22.709Z VERBOSE verbose log message

2023-01-17T17:40:22.709Z DEBUG debuglog message

2023-01-17T17:40:22.709Z SILLY silly message

2023-01-17T17:40:36.101Z ERROR erroring log message

2023-01-17T17:40:36.103Z WARN warning log message

2023-01-17T17:40:36.104Z INFO information log message

2023-01-17T17:40:36.105Z HTTP HypterText Transfer Protocol log message

2023-01-17T17:40:36.105Z VERBOSE verbose log message

2023-01-17T17:40:36.105Z DEBUG debuglog message

2023-01-17T17:40:36.105Z SILLY silly message

2023-01-17T17:40:42.431Z ERROR erroring log message

2023-01-17T17:40:42.433Z WARN warning log message

2023-01-17T17:40:42.434Z INFO information log message

2023-01-17T17:40:42.435Z HTTP HypterText Transfer Protocol log message

2023-01-17T17:40:42.435Z VERBOSE verbose log message

2023-01-17T17:40:42.435Z DEBUG debuglog message

2023-01-17T17:40:42.435Z SILLY silly message

2023-01-17T17:40:54.828Z ERROR erroring log message

2023-01-17T17:40:54.831Z WARN warning log message

2023-01-17T17:40:54.832Z INFO information log message

2023-01-17T17:40:54.833Z HTTP HypterText Transfer Protocol log message

2023-01-17T17:40:54.833Z VERBOSE verbose log message

2023-01-17T17:40:54.833Z DEBUG debuglog message

2023-01-17T17:40:54.833Z SILLY silly message

2023-01-17T17:41:05.393Z ERROR erroring log message

2023-01-17T17:41:05.395Z WARN warning log message

2023-01-17T17:41:05.396Z INFO information log message

2023-01-17T17:41:05.397Z HTTP HypterText Transfer Protocol log message

2023-01-17T17:41:05.397Z VERBOSE verbose log message

2023-01-17T17:41:05.397Z DEBUG debuglog message

2023-01-17T17:41:05.397Z SILLY silly message

2023-01-17T17:41:13.891Z ERROR erroring log message

2023-01-17T17:41:13.894Z WARN warning log message

2023-01-17T17:41:13.894Z INFO information log message

2023-01-17T17:41:13.895Z HTTP HypterText Transfer Protocol log message

2023-01-17T17:41:13.895Z VERBOSE verbose log message

2023-01-17T17:41:13.895Z DEBUG debuglog message

2023-01-17T17:41:13.895Z SILLY silly message

2023-01-17T17:41:24.944Z ERROR erroring log message

2023-01-17T17:41:24.947Z WARN warning log message

2023-01-17T17:41:24.947Z INFO information log message

2023-01-17T17:41:24.948Z HTTP HypterText Transfer Protocol log message

2023-01-17T17:41:24.948Z VERBOSE verbose log message

2023-01-17T17:41:24.948Z DEBUG debuglog message

2023-01-17T17:41:24.948Z SILLY silly message

2023-01-17T17:41:33.367Z ERROR erroring log message

2023-01-17T17:41:33.369Z WARN warning log message

2023-01-17T17:41:33.370Z INFO information log message

2023-01-17T17:41:33.370Z HTTP HypterText Transfer Protocol log message

2023-01-17T17:41:33.371Z VERBOSE verbose log message

2023-01-17T17:41:33.371Z DEBUG debuglog message

2023-01-17T17:41:33.371Z SILLY silly message

2023-01-17T17:41:33.631Z ERROR erroring log message

2023-01-17T17:41:33.633Z WARN warning log message

2023-01-17T17:41:33.634Z INFO information log message

2023-01-17T17:41:33.635Z HTTP HypterText Transfer Protocol log message

2023-01-17T17:41:33.635Z VERBOSE verbose log message

2023-01-17T17:41:33.635Z DEBUG debuglog message

2023-01-17T17:41:33.636Z SILLY silly message

2023-01-17T17:41:33.887Z ERROR erroring log message

2023-01-17T17:41:33.890Z WARN warning log message

2023-01-17T17:41:33.891Z INFO information log message

2023-01-17T17:41:33.891Z HTTP HypterText Transfer Protocol log message

2023-01-17T17:41:33.891Z VERBOSE verbose log message

2023-01-17T17:41:33.892Z DEBUG debuglog message

2023-01-17T17:41:33.892Z SILLY silly message

2023-01-17T17:41:34.159Z ERROR erroring log message

2023-01-17T17:41:34.162Z WARN warning log message

2023-01-17T17:41:34.162Z INFO information log message

2023-01-17T17:41:34.163Z HTTP HypterText Transfer Protocol log message

2023-01-17T17:41:34.163Z VERBOSE verbose log message

2023-01-17T17:41:34.164Z DEBUG debuglog message

2023-01-17T17:41:34.164Z SILLY silly message

2023-01-17T17:42:23.715Z ERROR erroring log message

2023-01-17T17:42:23.718Z WARN warning log message

2023-01-17T17:42:23.718Z INFO information log message

2023-01-17T17:42:23.719Z HTTP HypterText Transfer Protocol log message

2023-01-17T17:42:23.719Z VERBOSE verbose log message

2023-01-17T17:42:23.719Z DEBUG debuglog message

2023-01-17T17:42:23.719Z SILLY silly message

2023-01-17T17:42:34.878Z ERROR erroring log message

2023-01-17T17:42:34.881Z WARN warning log message

2023-01-17T17:42:34.881Z INFO information log message

2023-01-17T17:42:34.882Z HTTP HypterText Transfer Protocol log message

2023-01-17T17:42:34.883Z VERBOSE verbose log message

2023-01-17T17:42:34.883Z DEBUG debuglog message

2023-01-17T17:42:34.883Z SILLY silly message

2023-01-17T17:42:35.155Z ERROR erroring log message

2023-01-17T17:42:35.158Z WARN warning log message

2023-01-17T17:42:35.159Z INFO information log message

2023-01-17T17:42:35.159Z HTTP HypterText Transfer Protocol log message

2023-01-17T17:42:35.159Z VERBOSE verbose log message

2023-01-17T17:42:35.160Z DEBUG debuglog message

2023-01-17T17:42:35.160Z SILLY silly message

2023-01-17T17:42:40.947Z ERROR erroring log message

2023-01-17T17:42:40.949Z WARN warning log message

2023-01-17T17:42:40.950Z INFO information log message

2023-01-17T17:42:40.951Z HTTP HypterText Transfer Protocol log message

2023-01-17T17:42:40.951Z VERBOSE verbose log message

2023-01-17T17:42:40.951Z DEBUG debuglog message

2023-01-17T17:42:40.952Z SILLY silly message

2023-01-17T17:42:41.226Z ERROR erroring log message

2023-01-17T17:42:41.229Z WARN warning log message

2023-01-17T17:42:41.230Z INFO information log message

2023-01-17T17:42:41.230Z HTTP HypterText Transfer Protocol log message

2023-01-17T17:42:41.231Z VERBOSE verbose log message

2023-01-17T17:42:41.231Z DEBUG debuglog message

2023-01-17T17:42:41.232Z SILLY silly message

2023-01-17T17:42:41.504Z ERROR erroring log message

2023-01-17T17:42:41.508Z WARN warning log message

2023-01-17T17:42:41.509Z INFO information log message

2023-01-17T17:42:41.509Z HTTP HypterText Transfer Protocol log message

2023-01-17T17:42:41.509Z VERBOSE verbose log message

2023-01-17T17:42:41.510Z DEBUG debuglog message

2023-01-17T17:42:41.510Z SILLY silly message

2023-01-17T17:42:41.801Z ERROR erroring log message

2023-01-17T17:42:41.806Z WARN warning log message

2023-01-17T17:42:41.807Z INFO information log message

2023-01-17T17:42:41.808Z HTTP HypterText Transfer Protocol log message

2023-01-17T17:42:41.809Z VERBOSE verbose log message

2023-01-17T17:42:41.809Z DEBUG debuglog message

2023-01-17T17:42:41.810Z SILLY silly message

2023-01-17T17:42:42.104Z ERROR erroring log message

2023-01-17T17:42:42.108Z WARN warning log message

2023-01-17T17:42:42.109Z INFO information log message

2023-01-17T17:42:42.110Z HTTP HypterText Transfer Protocol log message

2023-01-17T17:42:42.110Z VERBOSE verbose log message

2023-01-17T17:42:42.110Z DEBUG debuglog message

2023-01-17T17:42:42.111Z SILLY silly message

2023-01-17T17:42:42.419Z ERROR erroring log message

2023-01-17T17:42:42.422Z WARN warning log message

2023-01-17T17:42:42.422Z INFO information log message

2023-01-17T17:42:42.423Z HTTP HypterText Transfer Protocol log message

2023-01-17T17:42:42.423Z VERBOSE verbose log message

2023-01-17T17:42:42.424Z DEBUG debuglog message

2023-01-17T17:42:42.424Z SILLY silly message

2023-01-17T17:42:42.716Z ERROR erroring log message

2023-01-17T17:42:42.718Z WARN warning log message

2023-01-17T17:42:42.719Z INFO information log message

2023-01-17T17:42:42.720Z HTTP HypterText Transfer Protocol log message

2023-01-17T17:42:42.720Z VERBOSE verbose log message

2023-01-17T17:42:42.720Z DEBUG debuglog message

2023-01-17T17:42:42.721Z SILLY silly message

2023-01-17T17:42:43.026Z ERROR erroring log message

2023-01-17T17:42:43.029Z WARN warning log message

2023-01-17T17:42:43.030Z INFO information log message

2023-01-17T17:42:43.030Z HTTP HypterText Transfer Protocol log message

2023-01-17T17:42:43.031Z VERBOSE verbose log message

2023-01-17T17:42:43.031Z DEBUG debuglog message

2023-01-17T17:42:43.031Z SILLY silly message

2023-01-17T17:42:43.370Z ERROR erroring log message

2023-01-17T17:42:43.373Z WARN warning log message

2023-01-17T17:42:43.374Z INFO information log message

2023-01-17T17:42:43.375Z HTTP HypterText Transfer Protocol log message

2023-01-17T17:42:43.375Z VERBOSE verbose log message

2023-01-17T17:42:43.376Z DEBUG debuglog message

2023-01-17T17:42:43.376Z SILLY silly message

2023-01-17T17:42:43.715Z ERROR erroring log message

2023-01-17T17:42:43.718Z WARN warning log message

2023-01-17T17:42:43.719Z INFO information log message

2023-01-17T17:42:43.719Z HTTP HypterText Transfer Protocol log message

2023-01-17T17:42:43.720Z VERBOSE verbose log message

2023-01-17T17:42:43.720Z DEBUG debuglog message

2023-01-17T17:42:43.721Z SILLY silly message

2023-01-17T17:42:44.009Z ERROR erroring log message

2023-01-17T17:42:44.011Z WARN warning log message

2023-01-17T17:42:44.012Z INFO information log message

2023-01-17T17:42:44.013Z HTTP HypterText Transfer Protocol log message

2023-01-17T17:42:44.013Z VERBOSE verbose log message

2023-01-17T17:42:44.013Z DEBUG debuglog message

2023-01-17T17:42:44.014Z SILLY silly message

2023-01-17T17:42:44.299Z ERROR erroring log message

2023-01-17T17:42:44.302Z WARN warning log message

2023-01-17T17:42:44.302Z INFO information log message

2023-01-17T17:42:44.303Z HTTP HypterText Transfer Protocol log message

2023-01-17T17:42:44.304Z VERBOSE verbose log message

2023-01-17T17:42:44.304Z DEBUG debuglog message

2023-01-17T17:42:44.304Z SILLY silly message

2023-01-17T17:42:44.849Z ERROR erroring log message

2023-01-17T17:42:44.852Z WARN warning log message

2023-01-17T17:42:44.853Z INFO information log message

2023-01-17T17:42:44.853Z HTTP HypterText Transfer Protocol log message

2023-01-17T17:42:44.854Z VERBOSE verbose log message

2023-01-17T17:42:44.854Z DEBUG debuglog message

2023-01-17T17:42:44.854Z SILLY silly message

2023-01-17T17:42:45.149Z ERROR erroring log message

2023-01-17T17:42:45.152Z WARN warning log message

2023-01-17T17:42:45.152Z INFO information log message

2023-01-17T17:42:45.153Z HTTP HypterText Transfer Protocol log message

2023-01-17T17:42:45.153Z VERBOSE verbose log message

2023-01-17T17:42:45.154Z DEBUG debuglog message

2023-01-17T17:42:45.154Z SILLY silly message

2023-01-17T17:42:45.473Z ERROR erroring log message

2023-01-17T17:42:45.476Z WARN warning log message

2023-01-17T17:42:45.476Z INFO information log message

2023-01-17T17:42:45.477Z HTTP HypterText Transfer Protocol log message

2023-01-17T17:42:45.477Z VERBOSE verbose log message

2023-01-17T17:42:45.478Z DEBUG debuglog message

2023-01-17T17:42:45.478Z SILLY silly message

2023-01-17T17:42:45.842Z ERROR erroring log message

2023-01-17T17:42:45.845Z WARN warning log message

2023-01-17T17:42:45.846Z INFO information log message

2023-01-17T17:42:45.846Z HTTP HypterText Transfer Protocol log message

2023-01-17T17:42:45.847Z VERBOSE verbose log message

2023-01-17T17:42:45.847Z DEBUG debuglog message

2023-01-17T17:42:45.847Z SILLY silly message

2023-01-17T17:42:46.132Z ERROR erroring log message

2023-01-17T17:42:46.135Z WARN warning log message

2023-01-17T17:42:46.136Z INFO information log message

2023-01-17T17:42:46.136Z HTTP HypterText Transfer Protocol log message

2023-01-17T17:42:46.137Z VERBOSE verbose log message

2023-01-17T17:42:46.137Z DEBUG debuglog message

2023-01-17T17:42:46.137Z SILLY silly message

2023-01-17T17:42:46.468Z ERROR erroring log message

2023-01-17T17:42:46.471Z WARN warning log message

2023-01-17T17:42:46.472Z INFO information log message

2023-01-17T17:42:46.472Z HTTP HypterText Transfer Protocol log message

2023-01-17T17:42:46.473Z VERBOSE verbose log message

2023-01-17T17:42:46.473Z DEBUG debuglog message

2023-01-17T17:42:46.473Z SILLY silly message

2023-01-17T17:42:46.819Z ERROR erroring log message

2023-01-17T17:42:46.823Z WARN warning log message

2023-01-17T17:42:46.824Z INFO information log message

2023-01-17T17:42:46.824Z HTTP HypterText Transfer Protocol log message

2023-01-17T17:42:46.825Z VERBOSE verbose log message

2023-01-17T17:42:46.825Z DEBUG debuglog message

2023-01-17T17:42:46.825Z SILLY silly message

2023-01-17T17:42:47.151Z ERROR erroring log message

2023-01-17T17:42:47.154Z WARN warning log message

2023-01-17T17:42:47.155Z INFO information log message

2023-01-17T17:42:47.156Z HTTP HypterText Transfer Protocol log message

2023-01-17T17:42:47.156Z VERBOSE verbose log message

2023-01-17T17:42:47.156Z DEBUG debuglog message

2023-01-17T17:42:47.157Z SILLY silly message

2023-01-17T17:42:47.424Z ERROR erroring log message

2023-01-17T17:42:47.427Z WARN warning log message

2023-01-17T17:42:47.427Z INFO information log message

2023-01-17T17:42:47.428Z HTTP HypterText Transfer Protocol log message

2023-01-17T17:42:47.428Z VERBOSE verbose log message

2023-01-17T17:42:47.429Z DEBUG debuglog message

2023-01-17T17:42:47.429Z SILLY silly message

2023-01-17T17:42:47.672Z ERROR erroring log message

2023-01-17T17:42:47.675Z WARN warning log message

2023-01-17T17:42:47.675Z INFO information log message

2023-01-17T17:42:47.676Z HTTP HypterText Transfer Protocol log message

2023-01-17T17:42:47.676Z VERBOSE verbose log message

2023-01-17T17:42:47.676Z DEBUG debuglog message

2023-01-17T17:42:47.677Z SILLY silly message

2023-01-17T17:42:50.855Z ERROR erroring log message

2023-01-17T17:42:50.858Z WARN warning log message

2023-01-17T17:42:50.858Z INFO information log message

2023-01-17T17:42:50.859Z HTTP HypterText Transfer Protocol log message

2023-01-17T17:42:50.859Z VERBOSE verbose log message

2023-01-17T17:42:50.859Z DEBUG debuglog message

2023-01-17T17:42:50.860Z SILLY silly message

2023-01-17T17:42:59.131Z ERROR erroring log message

2023-01-17T17:42:59.134Z WARN warning log message

2023-01-17T17:42:59.135Z INFO information log message

2023-01-17T17:42:59.135Z HTTP HypterText Transfer Protocol log message

2023-01-17T17:42:59.136Z VERBOSE verbose log message

2023-01-17T17:42:59.136Z DEBUG debuglog message

2023-01-17T17:42:59.136Z SILLY silly message

2023-01-17T17:42:59.430Z ERROR erroring log message

2023-01-17T17:42:59.433Z WARN warning log message

2023-01-17T17:42:59.434Z INFO information log message

2023-01-17T17:42:59.434Z HTTP HypterText Transfer Protocol log message

2023-01-17T17:42:59.435Z VERBOSE verbose log message

2023-01-17T17:42:59.435Z DEBUG debuglog message

2023-01-17T17:42:59.436Z SILLY silly message

2023-01-17T17:43:56.175Z ERROR erroring log message

2023-01-17T17:43:56.178Z WARN warning log message

2023-01-17T17:43:56.179Z INFO information log message

2023-01-17T17:43:56.179Z HTTP HypterText Transfer Protocol log message

2023-01-17T17:43:56.179Z VERBOSE verbose log message

2023-01-17T17:43:56.179Z DEBUG debuglog message

2023-01-17T17:43:56.180Z SILLY silly message

2023-01-17T17:44:12.846Z ERROR erroring log message

2023-01-17T17:44:12.849Z WARN warning log message

2023-01-17T17:44:12.850Z INFO information log message

2023-01-17T17:44:12.851Z HTTP HypterText Transfer Protocol log message

2023-01-17T17:44:12.851Z VERBOSE verbose log message

2023-01-17T17:44:12.851Z DEBUG debuglog message

2023-01-17T17:44:12.851Z SILLY silly message

2023-01-17T17:44:33.799Z ERROR erroring log message

2023-01-17T17:44:33.802Z WARN warning log message

2023-01-17T17:44:33.802Z INFO information log message

2023-01-17T17:44:33.803Z HTTP HypterText Transfer Protocol log message

2023-01-17T17:44:33.803Z VERBOSE verbose log message

2023-01-17T17:44:33.804Z DEBUG debuglog message

2023-01-17T17:44:33.804Z SILLY silly message

2023-01-17T17:45:06.357Z ERROR erroring log message

2023-01-17T17:45:06.359Z WARN warning log message

2023-01-17T17:45:06.360Z INFO information log message

2023-01-17T17:45:06.360Z HTTP HypterText Transfer Protocol log message

2023-01-17T17:45:06.361Z VERBOSE verbose log message

2023-01-17T17:45:06.361Z DEBUG debuglog message

2023-01-17T17:45:06.361Z SILLY silly message

2023-01-17T17:48:19.473Z ERROR erroring log message

2023-01-17T17:48:19.476Z WARN warning log message

2023-01-17T17:48:19.476Z INFO information log message

2023-01-17T17:48:19.477Z HTTP HypterText Transfer Protocol log message

2023-01-17T17:48:19.477Z VERBOSE verbose log message

2023-01-17T17:48:19.478Z DEBUG debuglog message

2023-01-17T17:48:19.478Z SILLY silly message

2023-01-17T17:48:32.880Z ERROR erroring log message

2023-01-17T17:48:32.883Z WARN warning log message

2023-01-17T17:48:32.884Z INFO information log message

2023-01-17T17:48:32.884Z HTTP HypterText Transfer Protocol log message

2023-01-17T17:48:32.885Z VERBOSE verbose log message

2023-01-17T17:48:32.885Z DEBUG debuglog message

2023-01-17T17:48:32.886Z SILLY silly message

2023-01-17T18:17:07.826Z ERROR erroring log message

2023-01-17T18:17:07.828Z WARN warning log message

2023-01-17T18:17:07.829Z INFO information log message

2023-01-17T18:17:07.829Z HTTP HypterText Transfer Protocol log message

2023-01-17T18:17:07.830Z VERBOSE verbose log message

2023-01-17T18:17:07.830Z DEBUG debuglog message

2023-01-17T18:17:07.831Z SILLY silly message

2023-01-17T18:17:29.209Z ERROR erroring log message

2023-01-17T18:17:29.211Z WARN warning log message

2023-01-17T18:17:29.212Z INFO information log message

2023-01-17T18:17:29.212Z HTTP HypterText Transfer Protocol log message

2023-01-17T18:17:29.213Z VERBOSE verbose log message

2023-01-17T18:17:29.213Z DEBUG debuglog message

2023-01-17T18:17:29.213Z SILLY silly message

2023-01-17T18:17:36.997Z ERROR erroring log message

2023-01-17T18:17:36.999Z WARN warning log message

2023-01-17T18:17:37.000Z INFO information log message

2023-01-17T18:17:37.001Z HTTP HypterText Transfer Protocol log message

2023-01-17T18:17:37.001Z VERBOSE verbose log message

2023-01-17T18:17:37.001Z DEBUG debuglog message

2023-01-17T18:17:37.001Z SILLY silly message

2023-01-17T18:17:44.847Z ERROR erroring log message

2023-01-17T18:17:44.849Z WARN warning log message

2023-01-17T18:17:44.850Z INFO information log message

2023-01-17T18:17:44.850Z HTTP HypterText Transfer Protocol log message

2023-01-17T18:17:44.851Z VERBOSE verbose log message

2023-01-17T18:17:44.851Z DEBUG debuglog message

2023-01-17T18:17:44.851Z SILLY silly message

2023-01-17T18:29:22.086Z ERROR erroring log message

2023-01-17T18:29:22.088Z WARN warning log message

2023-01-17T18:29:22.089Z INFO information log message

2023-01-17T18:29:22.089Z HTTP HypterText Transfer Protocol log message

2023-01-17T18:29:22.090Z VERBOSE verbose log message

2023-01-17T18:29:22.090Z DEBUG debuglog message

2023-01-17T18:29:22.090Z SILLY silly message

2023-01-17T18:29:27.496Z ERROR erroring log message

2023-01-17T18:29:27.498Z WARN warning log message

2023-01-17T18:29:27.499Z INFO information log message

2023-01-17T18:29:27.499Z HTTP HypterText Transfer Protocol log message

2023-01-17T18:29:27.499Z VERBOSE verbose log message

2023-01-17T18:29:27.500Z DEBUG debuglog message

2023-01-17T18:29:27.500Z SILLY silly message

2023-01-17T18:29:33.996Z ERROR erroring log message

2023-01-17T18:29:33.998Z WARN warning log message

2023-01-17T18:29:33.999Z INFO information log message

2023-01-17T18:29:33.999Z HTTP HypterText Transfer Protocol log message

2023-01-17T18:29:34.000Z VERBOSE verbose log message

2023-01-17T18:29:34.000Z DEBUG debuglog message

2023-01-17T18:29:34.001Z SILLY silly message

2023-01-17T18:29:49.339Z ERROR erroring log message

2023-01-17T18:29:49.343Z WARN warning log message

2023-01-17T18:29:49.343Z INFO information log message

2023-01-17T18:29:49.344Z HTTP HypterText Transfer Protocol log message

2023-01-17T18:29:49.344Z VERBOSE verbose log message

2023-01-17T18:29:49.344Z DEBUG debuglog message

2023-01-17T18:29:49.345Z SILLY silly message

2023-01-17T18:29:53.437Z ERROR erroring log message

2023-01-17T18:29:53.439Z WARN warning log message

2023-01-17T18:29:53.440Z INFO information log message

2023-01-17T18:29:53.440Z HTTP HypterText Transfer Protocol log message

2023-01-17T18:29:53.441Z VERBOSE verbose log message

2023-01-17T18:29:53.441Z DEBUG debuglog message

2023-01-17T18:29:53.442Z SILLY silly message

2023-01-17T18:30:14.001Z ERROR erroring log message

2023-01-17T18:30:14.004Z WARN warning log message

2023-01-17T18:30:14.004Z INFO information log message

2023-01-17T18:30:14.005Z HTTP HypterText Transfer Protocol log message

2023-01-17T18:30:14.005Z VERBOSE verbose log message

2023-01-17T18:30:14.006Z DEBUG debuglog message

2023-01-17T18:30:14.006Z SILLY silly message

2023-01-17T18:31:11.346Z ERROR erroring log message

2023-01-17T18:31:11.348Z WARN warning log message

2023-01-17T18:31:11.349Z INFO information log message

2023-01-17T18:31:11.349Z HTTP HypterText Transfer Protocol log message

2023-01-17T18:31:11.349Z VERBOSE verbose log message

2023-01-17T18:31:11.350Z DEBUG debuglog message

2023-01-17T18:31:11.350Z SILLY silly message

2023-01-17T19:07:07.224Z ERROR erroring log message

2023-01-17T19:07:07.227Z WARN warning log message

2023-01-17T19:07:07.228Z INFO information log message

2023-01-17T19:07:07.228Z HTTP HypterText Transfer Protocol log message

2023-01-17T19:07:07.228Z VERBOSE verbose log message

2023-01-17T19:07:07.229Z DEBUG debuglog message

2023-01-17T19:07:07.229Z SILLY silly message

