{"level":"error","message":"error info","meta":1}
{"level":"warn","message":"warn info"}
{"level":"error","message":"error info","meta":1}
{"level":"warn","message":"warn info"}
{"level":"error","message":"error info","meta":1}
{"level":"warn","message":"warn info"}
{"level":"error","message":"error info","meta":1}
{"level":"warn","message":"warn info"}
{"level":"error","message":"error info","meta":1}
{"level":"warn","message":"warn info"}
{"level":"info","message":"CHILL WINSTON!","seriously":true}
{"level":"error","message":"error info","meta":1}
{"level":"warn","message":"warn info"}
{"level":"info","message":"info info"}
{"level":"http","message":"http info"}
{"level":"verbose","message":"verbose info"}
{"level":"debug","message":"debug info"}
{"level":"info","message":"CHILL WINSTON!","seriously":true}
{"level":"error","message":"error info","meta":1}
{"level":"warn","message":"warn info"}
{"level":"info","message":"info info"}
{"level":"http","message":"http info"}
{"level":"verbose","message":"verbose info"}
{"level":"debug","message":"debug info"}
{"level":"info","message":"CHILL WINSTON!","seriously":true}
{"level":"error","message":"error info","meta":1}
{"level":"warn","message":"warn info"}
{"level":"info","message":"info info"}
{"level":"http","message":"http info"}
{"level":"verbose","message":"verbose info"}
{"level":"debug","message":"debug info"}
{"level":"info","message":"CHILL WINSTON!","seriously":true}
{"level":"error","message":"error info","meta":1}
{"level":"warn","message":"warn info"}
{"level":"info","message":"info info"}
{"level":"http","message":"http info"}
{"level":"verbose","message":"verbose info"}
{"level":"debug","message":"debug info"}
